-------------------------------------------------------------------------------
Test set: com.yc.Test1
-------------------------------------------------------------------------------
Tests run: 1, Failures: 0, Errors: 1, Skipped: 0, Time elapsed: 0.028 s <<< FAILURE! - in com.yc.Test1
testAddccount(com.yc.Test1)  Time elapsed: 0 s  <<< ERROR!
java.lang.IllegalStateException: Failed to load ApplicationContext
Caused by: org.springframework.beans.factory.UnsatisfiedDependencyException: Error creating bean with name 'dataSourceConfig': Unsatisfied dependency expressed through field 'cpuCount'; nested exception is org.springframework.beans.factory.BeanExpressionException: Expression parsing failed; nested exception is java.lang.NoSuchMethodError: org.springframework.util.ClassUtils.getInterfaceMethodIfPossible(Ljava/lang/reflect/Method;Ljava/lang/Class;)Ljava/lang/reflect/Method;
Caused by: org.springframework.beans.factory.BeanExpressionException: Expression parsing failed; nested exception is java.lang.NoSuchMethodError: org.springframework.util.ClassUtils.getInterfaceMethodIfPossible(Ljava/lang/reflect/Method;Ljava/lang/Class;)Ljava/lang/reflect/Method;
Caused by: java.lang.NoSuchMethodError: org.springframework.util.ClassUtils.getInterfaceMethodIfPossible(Ljava/lang/reflect/Method;Ljava/lang/Class;)Ljava/lang/reflect/Method;

